<?xml version="1.0" encoding="UTF-8"?>
<!-- Generated by org.testng.reporters.JUnitXMLReporter -->
<testsuite ignored="0" hostname="LAPTOP-D0G4RM9N" failures="0" tests="0" name="Test-1" time="37.813" errors="0" timestamp="01 Jul 2024 06:51:22 GMT">
</testsuite> <!-- Test-1 -->
