<?xml version="1.0" encoding="UTF-8"?>
<!-- Generated by org.testng.reporters.JUnitReportReporter -->
<testsuite hostname="LAPTOP-D0G4RM9N" failures="0" tests="1" name="com.GUISelenium.HMS.StaffInfo.AdmittedPatientInfoTest" time="8.773" errors="0" timestamp="01 Jul 2024 06:51:49 GMT" skipped="0">
  <testcase classname="com.GUISelenium.HMS.StaffInfo.AdmittedPatientInfoTest" name="AdmittedPatientInfo" time="8.773"/>
</testsuite> <!-- com.GUISelenium.HMS.StaffInfo.AdmittedPatientInfoTest -->
